<?xml version="1.0" encoding="UTF-8"?>
<!-- Generated by org.testng.reporters.JUnitXMLReporter -->
<testsuite hostname="PR020574" ignored="0" name="BrowseOnTest" tests="4" failures="0" timestamp="21 May 2018 14:05:18 GMT" time="71.578" errors="0">
  <testcase name="Browse_Archives" time="15.69" classname="discovery.BrowseOnTest.Browse_Archives"/>
  <testcase name="recordCreators" time="26.663" classname="discovery.BrowseOnTest.Record_Creators"/>
  <testcase name="otherArchives" time="15.248" classname="discovery.BrowseOnTest.Records_Of_OtherArchives"/>
  <testcase name="browseRecords" time="13.975" classname="discovery.BrowseOnTest.Records_Of_TNA"/>
</testsuite> <!-- BrowseOnTest -->
