<?xml version="1.0" encoding="UTF-8"?>
<!-- Generated by org.testng.reporters.JUnitXMLReporter -->
<testsuite hostname="PR020574" ignored="0" name="cabinetPapersSearch" tests="5" failures="0" timestamp="21 May 2018 14:12:02 GMT" time="52.285" errors="0">
  <testcase name="cabinetSearch" time="10.845" classname="cabinetPapersSearch.CabinetPapers_Date_descriptionOnly"/>
  <testcase name="cabinetSearch" time="10.919" classname="cabinetPapersSearch.CabinetPapers_Document_descriptionOnly"/>
  <testcase name="cabinetSearch" time="10.729" classname="cabinetPapersSearch.CabinetPapers_Educationresources"/>
  <testcase name="cabinetSearch" time="10.039" classname="cabinetPapersSearch.CabinetPapers_EntireDocument"/>
  <testcase name="cabinetSearch" time="9.712" classname="cabinetPapersSearch.CabinetPapers_FilterbyAll_EntireDocument"/>
</testsuite> <!-- cabinetPapersSearch -->
