<?xml version="1.0" encoding="UTF-8"?>
<!-- Generated by org.testng.reporters.JUnitXMLReporter -->
<testsuite hostname="PR020574" ignored="0" name="DeliveryOption" tests="31" failures="0" timestamp="21 May 2018 13:19:08 GMT" time="390.199" errors="0">
  <testcase name="academicSubscription" time="23.582" classname="dicovery.DeliveryOption.AcademicSubscription"/>
  <testcase name="accessUnderReview" time="10.484" classname="dicovery.DeliveryOption.AccessUnderReview"/>
  <testcase name="AV_Media" time="12.647" classname="dicovery.DeliveryOption.AV_Media"/>
  <testcase name="closedFoiReview" time="11.424" classname="dicovery.DeliveryOption.ClosedFOIReview"/>
  <testcase name="closedRetainedDeptKnown" time="10.288" classname="dicovery.DeliveryOption.ClosedRetainedDeptKnown"/>
  <testcase name="closedRetainedDeptUnKnown" time="10.12" classname="dicovery.DeliveryOption.ClosedRetainedDeptUnKnown"/>
  <testcase name="collectionCare" time="13.665" classname="dicovery.DeliveryOption.Collectioncare"/>
  <testcase name="digitizedAvailableButNotDownlodableAtItemLevel" time="12.768" classname="dicovery.DeliveryOption.DigitizedAvailableButNotDownloadableAtItemLevel"/>
  <testcase name="digitizedAvailableButNotDownlodableAtPieceLevel" time="9.165" classname="dicovery.DeliveryOption.DigitizedAvailableButNotDownloadableAtPieceLevel"/>
  <testcase name="digitizedDiscovery" time="20.955" classname="dicovery.DeliveryOption.DigitizedDiscovery"/>
  <testcase name="DigitizedDiscoveryForSurrogate" time="22.415" classname="dicovery.DeliveryOption.DigitizedDiscoveryForSurrogate"/>
  <testcase name="digitizedLia" time="10.499" classname="dicovery.DeliveryOption.DigitizedLia"/>
  <testcase name="digitizedOther" time="10.184" classname="dicovery.DeliveryOption.DigitizedOther"/>
  <testcase name="digitizedPartiallyOpened" time="8.169" classname="dicovery.DeliveryOption.DigitizedPartiallyOpened"/>
  <testcase name="DisplayAtMuseum" time="13.764" classname="dicovery.DeliveryOption.DisplayAtMuseum"/>
  <testcase name="fileAuthority" time="16.046" classname="dicovery.DeliveryOption.FileAuthority"/>
  <testcase name="govtWebArchive" time="10.34" classname="dicovery.DeliveryOption.GovtWebArchive"/>
  <testcase name="inUse" time="16.465" classname="dicovery.DeliveryOption.InUse"/>
  <testcase name="invigilationSafeRoom" time="13.472" classname="dicovery.DeliveryOption.InvigilationSafeRoom"/>
  <testcase name="localArchive" time="10.118" classname="dicovery.DeliveryOption.LocalArchive"/>
  <testcase name="missingLost" time="10.275" classname="dicovery.DeliveryOption.MissingLost"/>
  <testcase name="Mould" time="13.434" classname="dicovery.DeliveryOption.MouldTreatment"/>
  <testcase name="offsite" time="10.146" classname="dicovery.DeliveryOption.Offsite"/>
  <testcase name="onloan" time="10.063" classname="dicovery.DeliveryOption.Onloan"/>
  <testcase name="OrderOriginal" time="10.388" classname="dicovery.DeliveryOption.OrderOriginal"/>
  <testcase name="PaidSearch" time="10.141" classname="dicovery.DeliveryOption.PaidSearch"/>
  <testcase name="surrogate" time="13.343" classname="dicovery.DeliveryOption.Surrogate"/>
  <testcase name="tooLargeToCopy" time="10.2" classname="dicovery.DeliveryOption.TooLargeToCopyOriginal"/>
  <testcase name="tooLargeToCopySurrogate" time="11.165" classname="dicovery.DeliveryOption.TooLargeToCopySurrogate"/>
  <testcase name="UnAvailable" time="10.686" classname="dicovery.DeliveryOption.UnAvailable"/>
  <testcase name="unfit" time="13.713" classname="dicovery.DeliveryOption.Unfit"/>
</testsuite> <!-- DeliveryOption -->
