<?xml version="1.0" encoding="UTF-8"?>
<!-- Generated by org.testng.reporters.JUnitXMLReporter -->
<testsuite hostname="PR020574" ignored="0" name="DeliveryOption" tests="31" failures="0" timestamp="05 Jun 2018 11:28:54 GMT" time="419.481" errors="0">
  <testcase name="academicSubscription" time="16.214" classname="dicovery.DeliveryOption.AcademicSubscription"/>
  <testcase name="accessUnderReview" time="11.702" classname="dicovery.DeliveryOption.AccessUnderReview"/>
  <testcase name="AV_Media" time="13.414" classname="dicovery.DeliveryOption.AV_Media"/>
  <testcase name="closedFoiReview" time="16.776" classname="dicovery.DeliveryOption.ClosedFOIReview"/>
  <testcase name="closedRetainedDeptKnown" time="35.816" classname="dicovery.DeliveryOption.ClosedRetainedDeptKnown"/>
  <testcase name="closedRetainedDeptUnKnown" time="10.611" classname="dicovery.DeliveryOption.ClosedRetainedDeptUnKnown"/>
  <testcase name="collectionCare" time="13.604" classname="dicovery.DeliveryOption.Collectioncare"/>
  <testcase name="digitizedAvailableButNotDownlodableAtItemLevel" time="11.176" classname="dicovery.DeliveryOption.DigitizedAvailableButNotDownloadableAtItemLevel"/>
  <testcase name="digitizedAvailableButNotDownlodableAtPieceLevel" time="17.145" classname="dicovery.DeliveryOption.DigitizedAvailableButNotDownloadableAtPieceLevel"/>
  <testcase name="digitizedDiscovery" time="17.114" classname="dicovery.DeliveryOption.DigitizedDiscovery"/>
  <testcase name="DigitizedDiscoveryForSurrogate" time="20.16" classname="dicovery.DeliveryOption.DigitizedDiscoveryForSurrogate"/>
  <testcase name="digitizedLia" time="10.779" classname="dicovery.DeliveryOption.DigitizedLia"/>
  <testcase name="digitizedOther" time="10.446" classname="dicovery.DeliveryOption.DigitizedOther"/>
  <testcase name="digitizedPartiallyOpened" time="7.939" classname="dicovery.DeliveryOption.DigitizedPartiallyOpened"/>
  <testcase name="DisplayAtMuseum" time="14.885" classname="dicovery.DeliveryOption.DisplayAtMuseum"/>
  <testcase name="fileAuthority" time="15.734" classname="dicovery.DeliveryOption.FileAuthority"/>
  <testcase name="govtWebArchive" time="10.585" classname="dicovery.DeliveryOption.GovtWebArchive"/>
  <testcase name="inUse" time="16.634" classname="dicovery.DeliveryOption.InUse"/>
  <testcase name="invigilationSafeRoom" time="14.307" classname="dicovery.DeliveryOption.InvigilationSafeRoom"/>
  <testcase name="localArchive" time="9.666" classname="dicovery.DeliveryOption.LocalArchive"/>
  <testcase name="missingLost" time="10.302" classname="dicovery.DeliveryOption.MissingLost"/>
  <testcase name="Mould" time="13.16" classname="dicovery.DeliveryOption.MouldTreatment"/>
  <testcase name="offsite" time="10.215" classname="dicovery.DeliveryOption.Offsite"/>
  <testcase name="onloan" time="10.112" classname="dicovery.DeliveryOption.Onloan"/>
  <testcase name="OrderOriginal" time="9.899" classname="dicovery.DeliveryOption.OrderOriginal"/>
  <testcase name="PaidSearch" time="11.852" classname="dicovery.DeliveryOption.PaidSearch"/>
  <testcase name="surrogate" time="12.968" classname="dicovery.DeliveryOption.Surrogate"/>
  <testcase name="tooLargeToCopy" time="11.728" classname="dicovery.DeliveryOption.TooLargeToCopyOriginal"/>
  <testcase name="tooLargeToCopySurrogate" time="11.237" classname="dicovery.DeliveryOption.TooLargeToCopySurrogate"/>
  <testcase name="UnAvailable" time="10.057" classname="dicovery.DeliveryOption.UnAvailable"/>
  <testcase name="unfit" time="13.175" classname="dicovery.DeliveryOption.Unfit"/>
</testsuite> <!-- DeliveryOption -->
