<?xml version="1.0" encoding="UTF-8"?>
<!-- Generated by org.testng.reporters.JUnitXMLReporter -->
<testsuite hostname="PR020921" ignored="0" name="discovery.discovery.BasicSearchOnLive" tests="15" failures="0" timestamp="08 Sep 2017 13:55:09 GMT" time="533.365" errors="0">
  <testcase name="FilterResult_VerifyCollectionAndSubjects" time="35.213" classname="discovery.BasicSearchOnLive.BS_FilterResult_VerifyCollectionAndSubjects"/>
  <testcase name="ExportFirst1000ASHTML" time="34.967" classname="discovery.BasicSearchOnLive.BS_GreaterThan10000_ExportFirst1000ASHTML"/>
  <testcase name="ExportFirst1000RecordCreatorAsHTML" time="37.331" classname="discovery.BasicSearchOnLive.BS_GreaterThan10000_ExportFirst1000RecordCreatorAsHTML"/>
  <testcase name="Export1000RecordCreatorAsXML" time="39.554" classname="discovery.BasicSearchOnLive.BS_LessThan10000_Export1000RecordCreatorAsXML"/>
  <testcase name="Export1000RecordsAsXML" time="44.481" classname="discovery.BasicSearchOnLive.BS_LessThan10000_Export1000RecordsAsXML"/>
  <testcase name="ExportAllRecordCreatorsAsCSV" time="43.589" classname="discovery.BasicSearchOnLive.BS_LessThan10000_ExportAllRecordCreatorsAsCSV"/>
  <testcase name="SortedBy_Alldropdowns" time="40.855" classname="discovery.BasicSearchOnLive.BS_LessThan10000_SortedBy_Alldropdowns"/>
  <testcase name="SortedBy_Reference" time="29.403" classname="discovery.BasicSearchOnLive.BS_LessThan10000_SortedBy_Reference"/>
  <testcase name="LessThan10000ExportAllRecordsAsCSV" time="52.062" classname="discovery.BasicSearchOnLive.BS_LessThan10000ExportAllRecordsAsCSV"/>
  <testcase name="RecordCreator_filterresult" time="22.226" classname="discovery.BasicSearchOnLive.BS_RecordCreator_filterresult"/>
  <testcase name="VerifyTotalNoOfRRecordsAndRecordCreators" time="35.826" classname="discovery.BasicSearchOnLive.BS_VerifyTotalNoOfRRecordsAndRecordCreators"/>
  <testcase name="VerifyTotalNoOfRecordsEachLinkGreaterThan" time="41.052" classname="discovery.BasicSearchOnLive.BS_VerifyTotalNoOfRecordsEachLink"/>
  <testcase name="defalutRecordsPerPage" time="0.038" classname="discovery.BasicSearchOnLive.BS_NoOfRecordsPerPage15And30And60"/>
  <testcase name="click30" time="6.291" classname="discovery.BasicSearchOnLive.BS_NoOfRecordsPerPage15And30And60"/>
  <testcase name="click60" time="6.134" classname="discovery.BasicSearchOnLive.BS_NoOfRecordsPerPage15And30And60"/>
</testsuite> <!-- discovery.discovery.BasicSearchOnLive -->
