<?xml version="1.0" encoding="UTF-8"?>
<!-- Generated by org.testng.reporters.JUnitXMLReporter -->
<testsuite hostname="PR020921" ignored="0" name="discovery.discovery.SingleSignOnLive" tests="6" failures="0" timestamp="22 Sep 2017 10:13:24 GMT" time="96.168" errors="0">
  <testcase name="forgotten_Password" time="9.85" classname="discovery.SingleSignOnLive.SS_ForgttenPassword"/>
  <testcase name="clickRegisterwithEmptyFields" time="9.908" classname="discovery.SingleSignOnLive.SS_clickRegisterwithEmptyFields"/>
  <testcase name="NoAcceptTerm" time="10.184" classname="discovery.SingleSignOnLive.SS_NoAcceptTerm"/>
  <testcase name="clickRegisterwithInvalidEmail" time="10.056" classname="discovery.SingleSignOnLive.SS_clickRegisterwithInvalidEmail"/>
  <testcase name="clickRegisterwithInvalidPassword" time="10.474" classname="discovery.SingleSignOnLive.SS_clickRegisterwithInvalidPassword"/>
  <testcase name="CreateAccount_ChangeEmail_ChangePassword_DeleteAccount" time="45.634" classname="discovery.SingleSignOnLive.SS_CreateAccount_ChangeEmail_ChangePassword_DeleteAccount"/>
</testsuite> <!-- discovery.discovery.SingleSignOnLive -->
