<?xml version="1.0" encoding="UTF-8"?>
<!-- Generated by org.testng.reporters.JUnitXMLReporter -->
<testsuite hostname="PR020921" ignored="0" name="discovery.discovery.ManorSearchOnTest" tests="3" failures="1" timestamp="11 Sep 2017 09:31:27 GMT" time="79.773" errors="0">
  <testcase name="ByMonor_VerifyRecordsCreator" time="17.868" classname="discovery.ManorSearchOnTest.MS_ByMonor_VerifyRecordsCreator"/>
  <testcase name="ForMonorDocuments_KeyWordSearch" time="33.895" classname="discovery.ManorSearchOnTest.MS_ForMonorDocuments_KeyWordSearch">
    <failure type="java.lang.AssertionError" message="expected [true] but found [false]">
      <![CDATA[java.lang.AssertionError: expected [true] but found [false]
	at discovery.ManorSearchOnTest.MS_ForMonorDocuments_KeyWordSearch.ForMonorDocuments_KeyWordSearch(MS_ForMonorDocuments_KeyWordSearch.java:67)
... Removed 29 stack frames]]>
    </failure>
  </testcase> <!-- ForMonorDocuments_KeyWordSearch -->
  <testcase name="ForMonorDocuments_VerifyRecords" time="27.945" classname="discovery.ManorSearchOnTest.MS_ForMonorDocuments_VerifyRecords"/>
</testsuite> <!-- discovery.discovery.ManorSearchOnTest -->
