<?xml version="1.0" encoding="UTF-8"?>
<!-- Generated by org.testng.reporters.JUnitXMLReporter -->
<testsuite hostname="PR020574" ignored="0" name="discovery" tests="5" failures="0" timestamp="28 Mar 2018 14:50:02 GMT" time="627.673" errors="0">
  <testcase name="Dsa1939registerClickNo" time="157.476" classname="discovery.Ecommerce.Dsa1939registerClickNo"/>
  <testcase name="Dsa1939registerClickYes" time="122.853" classname="discovery.Ecommerce.Dsa1939registerClickYes"/>
  <testcase name="Foi1939register" time="115.961" classname="discovery.Ecommerce.Foi1939register"/>
  <testcase name="HomeGuard" time="114.383" classname="discovery.Ecommerce.HomeGuard"/>
  <testcase name="WO416" time="116.929" classname="discovery.Ecommerce.WO416"/>
</testsuite> <!-- discovery -->
