<?xml version="1.0" encoding="UTF-8"?>
<!-- Generated by org.testng.reporters.JUnitXMLReporter -->
<testsuite hostname="PR020921" ignored="0" name="discovery.discovery.ManorSearchOnLive" tests="3" failures="1" timestamp="08 Sep 2017 14:04:58 GMT" time="83.941" errors="0">
  <testcase name="byMonor_VerifyRecordsCreator" time="15.007" classname="discovery.ManorSearchOnLive.MS_ByMonor_VerifyRecordsCreator">
    <failure type="java.lang.AssertionError" message="expected [true] but found [false]">
      <![CDATA[java.lang.AssertionError: expected [true] but found [false]
	at discovery.ManorSearchOnLive.MS_ByMonor_VerifyRecordsCreator.byMonor_VerifyRecordsCreator(MS_ByMonor_VerifyRecordsCreator.java:36)
... Removed 29 stack frames]]>
    </failure>
  </testcase> <!-- byMonor_VerifyRecordsCreator -->
  <testcase name="ForMonorDocuments_KeyWordSearch" time="40.695" classname="discovery.ManorSearchOnLive.MS_ForMonorDocuments_KeyWordSearch"/>
  <testcase name="ForMonorDocuments_VerifyRecords" time="28.148" classname="discovery.ManorSearchOnLive.MS_ForMonorDocuments_VerifyRecords"/>
</testsuite> <!-- discovery.discovery.ManorSearchOnLive -->
