<?xml version="1.0" encoding="UTF-8"?>
<!-- Generated by org.testng.reporters.JUnitXMLReporter -->
<testsuite hostname="PR020574" ignored="0" name="Discovery Fileauthorities_API" tests="2" failures="0" timestamp="21 May 2018 14:11:06 GMT" time="5.833" errors="0">
  <testcase name="verifyFileAuthority" time="5.415" classname="fileauthorities_API.Discovery_API_Collections"/>
  <testcase name="verifyFileAuthority" time="0.417" classname="fileauthorities_API.Discovery_API_Flieauthorities"/>
</testsuite> <!-- Discovery Fileauthorities_API -->
