<?xml version="1.0" encoding="UTF-8"?>
<!-- Generated by org.testng.reporters.JUnitXMLReporter -->
<testsuite hostname="PR020921" ignored="0" name="discovery.discovery.FindAnAichiveOnLive" tests="14" failures="0" timestamp="08 Sep 2017 14:02:12 GMT" time="280.828" errors="0">
  <testcase name="BrowseByCountryName" time="9.74" classname="discovery.FindAnAichiveOnLive.FA_BrowseByCountryName"/>
  <testcase name="BrowseCountryname2" time="9.987" classname="discovery.FindAnAichiveOnLive.FA_BrowseByCountryName"/>
  <testcase name="ChooseRegion" time="7.07" classname="discovery.FindAnAichiveOnLive.FA_ChooseRegion"/>
  <testcase name="region2" time="6.676" classname="discovery.FindAnAichiveOnLive.FA_ChooseRegion"/>
  <testcase name="region3" time="6.686" classname="discovery.FindAnAichiveOnLive.FA_ChooseRegion"/>
  <testcase name="FourthHomeNation" time="7.178" classname="discovery.FindAnAichiveOnLive.FA_HomeNation"/>
  <testcase name="HomeNation" time="6.959" classname="discovery.FindAnAichiveOnLive.FA_HomeNation"/>
  <testcase name="ThirdHomeNation" time="6.945" classname="discovery.FindAnAichiveOnLive.FA_HomeNation"/>
  <testcase name="secondHomeNation" time="6.886" classname="discovery.FindAnAichiveOnLive.FA_HomeNation"/>
  <testcase name="BrowseCountryname2" time="6.689" classname="discovery.FindAnAichiveOnLive.FA_UsingMap"/>
  <testcase name="usingmap" time="6.742" classname="discovery.FindAnAichiveOnLive.FA_UsingMap"/>
  <testcase name="Export1000RecordsAsXML" time="36.04" classname="discovery.FindAnAichiveOnLive.FA_Export1000RecordsAsXML"/>
  <testcase name="ExportAllRecordsAsCSV" time="31.937" classname="discovery.FindAnAichiveOnLive.FA_ExportAllRecordsAsCSV"/>
  <testcase name="ExportFirst1000RecordCreatorAsHTML" time="37.372" classname="discovery.FindAnAichiveOnLive.FA_ExportFirst1000RecordCreatorAsHTML"/>
</testsuite> <!-- discovery.discovery.FindAnAichiveOnLive -->
