<?xml version="1.0" encoding="UTF-8"?>
<!-- Generated by org.testng.reporters.JUnitXMLReporter -->
<testsuite hostname="PR020921" ignored="0" name="discovery.discovery.AdvancedSearchOnLive" tests="14" failures="0" timestamp="08 Sep 2017 13:43:39 GMT" time="384.161" errors="0">
  <testcase name="close_SpecificDate" time="39.326" classname="discovery.AdvancedSearchOnLive.AS_ClosureStatus_close_SpecificDate"/>
  <testcase name="Open_SpecificDate" time="36.392" classname="discovery.AdvancedSearchOnLive.AS_ClosureStatus_Open_SpecificDate"/>
  <testcase name="PartiallyOpen_AnyTime" time="33.305" classname="discovery.AdvancedSearchOnLive.AS_ClosureStatus_PartiallyOpen_AnyTime"/>
  <testcase name="Retained_AnyTime" time="31.846" classname="discovery.AdvancedSearchOnLive.AS_ClosureStatus_Retained_AnyTime"/>
  <testcase name="CreatorType_CheckBox_Years" time="31.515" classname="discovery.AdvancedSearchOnLive.AS_RecordCreator_CreatorType_CheckBox_Years"/>
  <testcase name="CreatorType_DateRange" time="27.027" classname="discovery.AdvancedSearchOnLive.AS_RecordCreator_CreatorType_DateRange"/>
  <testcase name="DateRange_SearchAll" time="20.493" classname="discovery.AdvancedSearchOnLive.AS_Records_DateRange_SearchAll"/>
  <testcase name="SearchTheNA_Taxonomy_Witchcraft" time="26.302" classname="discovery.AdvancedSearchOnLive.AS_Records_SearchTheNA_Taxonomy_Witchcraft"/>
  <testcase name="SpecificDate_SearchAll" time="31.931" classname="discovery.AdvancedSearchOnLive.AS_Records_SpecificDate_SearchAll"/>
  <testcase name="Reference_SearchAll" time="12.133" classname="discovery.AdvancedSearchOnLive.AS_Reference_SearchAll"/>
  <testcase name="Find_DontFindWord" time="15.264" classname="discovery.AdvancedSearchOnLive.AS_Search_Find_DontFindWord"/>
  <testcase name="searchOtherArchives" time="20.49" classname="discovery.AdvancedSearchOnLive.AS_SearchOtherArchives"/>
  <testcase name="SearchTheTNA_Reference_IncludeContent" time="26.547" classname="discovery.AdvancedSearchOnLive.AS_Records_SearchTheTNA_Reference_IncludeContent"/>
  <testcase name="SearchTheNA_CatalogueLevel" time="31.462" classname="discovery.AdvancedSearchOnLive.AS_Records_SearchTheNA_CatalogueLevel"/>
</testsuite> <!-- discovery.discovery.AdvancedSearchOnLive -->
