<?xml version="1.0" encoding="UTF-8"?>
<!-- Generated by org.testng.reporters.JUnitXMLReporter -->
<testsuite hostname="PR020574" ignored="0" name="Discovery Records_API" tests="4" failures="0" timestamp="21 May 2018 14:11:08 GMT" time="1.343" errors="0">
  <testcase name="verifyRecords_Details" time="0.223" classname="records_API.Discovery_API_Records_Children_parentID"/>
  <testcase name="verifyRecords_Details" time="0.214" classname="records_API.Discovery_API_Records_Collection"/>
  <testcase name="verifyRecords_Details" time="0.22" classname="records_API.Discovery_API_Records_Context_Id"/>
  <testcase name="verifyRecords_Details" time="0.681" classname="records_API.Discovery_API_Records_Details"/>
</testsuite> <!-- Discovery Records_API -->
