<?xml version="1.0" encoding="UTF-8"?>
<!-- Generated by org.testng.reporters.JUnitXMLReporter -->
<testsuite hostname="PR020921" ignored="0" name="discovery.TagOnTest" tests="5" failures="0" timestamp="27 Mar 2018 14:04:07 GMT" time="134.81" errors="0">
  <testcase name="deleteTag" time="31.108" classname="discovery.TagOnTest.DeleteTag"/>
  <testcase name="tag" time="30.119" classname="discovery.TagOnTest.AddTag"/>
  <testcase name="tag" time="30.607" classname="discovery.TagOnTest.DuplicateAddTag"/>
  <testcase name="removalRequest" time="15.92" classname="discovery.TagOnTest.SelfTagRemovalRequestNoSignIn"/>
  <testcase name="tag" time="26.988" classname="discovery.TagOnTest.StopListTag"/>
</testsuite> <!-- discovery.TagOnTest -->
