<?xml version="1.0" encoding="UTF-8"?>
<!-- Generated by org.testng.reporters.JUnitXMLReporter -->
<testsuite hostname="PR020574" ignored="0" name="DownlaodRecordOnTest" tests="3" failures="0" timestamp="21 May 2018 14:11:01 GMT" time="99.216" errors="0">
  <testcase name="verify_Download_ForStaff" time="39.954" classname="discovery.DownlaodRecordOnTest.Veriy_DownloadOption_ForOffsite"/>
  <testcase name="verify_Download_InAccount" time="46.064" classname="discovery.DownlaodRecordOnTest.Veriy_DownloadOption_InAccount"/>
  <testcase name="verify_Download_OnConfirmationPage" time="13.196" classname="discovery.DownlaodRecordOnTest.Veriy_DownloadOption_OnConfirmationPage"/>
</testsuite> <!-- DownlaodRecordOnTest -->
