<?xml version="1.0" encoding="UTF-8"?>
<!-- Generated by org.testng.reporters.JUnitXMLReporter -->
<testsuite hostname="PR020574" ignored="0" name="Ecommerce" tests="9" failures="2" timestamp="05 Jun 2018 11:39:49 GMT" time="544.509" errors="0">
  <testcase name="CertifiedNaturalisationRequest" time="88.103" classname="discovery.Ecommerce.CertifiedNaturalisationRequest"/>
  <testcase name="DigitizedAddToBasket" time="61.995" classname="discovery.Ecommerce.DigitizedAddToBasket"/>
  <testcase name="Dsa1939registerClickNo" time="65.843" classname="discovery.Ecommerce.Dsa1939registerClickNo"/>
  <testcase name="Dsa1939registerClickYes" time="43.779" classname="discovery.Ecommerce.Dsa1939registerClickYes"/>
  <testcase name="Foi1939register" time="78.64" classname="discovery.Ecommerce.Foi1939register"/>
  <testcase name="PageCheckRequestACopy" time="41.319" classname="discovery.Ecommerce.PageCheckRequestACopy">
    <failure type="org.openqa.selenium.ScriptTimeoutException" message="asynchronous script timeout: result was not received in 30 seconds
  (Session info: chrome=65.0.3325.181)
  (Driver info: chromedriver=2.36.540470 (e522d04694c7ebea4ba8821272dbef4f9b818c91),platform=Windows NT 6.1.7601 SP1 x86) (WARNING: The server did not provide any stacktrace information)
Command duration or timeout: 30.07 seconds
Build info: version: &amp;apos;unknown&amp;apos;, revision: &amp;apos;unknown&amp;apos;, time: &amp;apos;unknown&amp;apos;
System info: host: &amp;apos;PR020574&amp;apos;, ip: &amp;apos;10.104.53.80&amp;apos;, os.name: &amp;apos;Windows 7&amp;apos;, os.arch: &amp;apos;x86&amp;apos;, os.version: &amp;apos;6.1&amp;apos;, java.version: &amp;apos;1.8.0_102&amp;apos;
Driver info: org.openqa.selenium.chrome.ChromeDriver
Capabilities [{applicationCacheEnabled=false, rotatable=false, mobileEmulationEnabled=false, networkConnectionEnabled=false, chrome={chromedriverVersion=2.36.540470 (e522d04694c7ebea4ba8821272dbef4f9b818c91), userDataDir=C:\Users\SVENKA~1\AppData\Local\Temp\scoped_dir4664_22698}, takesHeapSnapshot=true, pageLoadStrategy=normal, databaseEnabled=false, handlesAlerts=true, hasTouchScreen=false, version=65.0.3325.181, platform=XP, browserConnectionEnabled=false, nativeEvents=true, acceptSslCerts=false, acceptInsecureCerts=false, locationContextEnabled=true, webStorageEnabled=true, browserName=chrome, takesScreenshot=true, javascriptEnabled=true, cssSelectorsEnabled=true, setWindowRect=true, unexpectedAlertBehaviour=}]
Session ID: 8df9e96d963a1523aaaeb6d588eb6e2c">
      <![CDATA[org.openqa.selenium.ScriptTimeoutException: asynchronous script timeout: result was not received in 30 seconds
  (Session info: chrome=65.0.3325.181)
  (Driver info: chromedriver=2.36.540470 (e522d04694c7ebea4ba8821272dbef4f9b818c91),platform=Windows NT 6.1.7601 SP1 x86) (WARNING: The server did not provide any stacktrace information)
Command duration or timeout: 30.07 seconds
Build info: version: 'unknown', revision: 'unknown', time: 'unknown'
System info: host: 'PR020574', ip: '10.104.53.80', os.name: 'Windows 7', os.arch: 'x86', os.version: '6.1', java.version: '1.8.0_102'
Driver info: org.openqa.selenium.chrome.ChromeDriver
Capabilities [{applicationCacheEnabled=false, rotatable=false, mobileEmulationEnabled=false, networkConnectionEnabled=false, chrome={chromedriverVersion=2.36.540470 (e522d04694c7ebea4ba8821272dbef4f9b818c91), userDataDir=C:\Users\SVENKA~1\AppData\Local\Temp\scoped_dir4664_22698}, takesHeapSnapshot=true, pageLoadStrategy=normal, databaseEnabled=false, handlesAlerts=true, hasTouchScreen=false, version=65.0.3325.181, platform=XP, browserConnectionEnabled=false, nativeEvents=true, acceptSslCerts=false, acceptInsecureCerts=false, locationContextEnabled=true, webStorageEnabled=true, browserName=chrome, takesScreenshot=true, javascriptEnabled=true, cssSelectorsEnabled=true, setWindowRect=true, unexpectedAlertBehaviour=}]
Session ID: 8df9e96d963a1523aaaeb6d588eb6e2c
	at org.openqa.selenium.remote.ErrorHandler.createThrowable(ErrorHandler.java:215)
	at org.openqa.selenium.remote.ErrorHandler.throwIfResponseFailed(ErrorHandler.java:167)
	at org.openqa.selenium.remote.RemoteWebDriver.execute(RemoteWebDriver.java:671)
	at org.openqa.selenium.remote.RemoteWebDriver.executeAsyncScript(RemoteWebDriver.java:591)
	at discovery.Ecommerce.PageCheckRequestACopy.PageCheckRequestACopy(PageCheckRequestACopy.java:23)
... Removed 28 stack frames]]>
    </failure>
  </testcase> <!-- PageCheckRequestACopy -->
  <testcase name="HomeGuard" time="88.424" classname="discovery.Ecommerce.HomeGuard"/>
  <testcase name="WO416" time="36.103" classname="discovery.Ecommerce.WO416">
    <failure type="org.openqa.selenium.NoSuchElementException" message="no such element: Unable to locate element: {&amp;quot;method&amp;quot;:&amp;quot;link text&amp;quot;,&amp;quot;selector&amp;quot;:&amp;quot;Request a search of closed records&amp;quot;}
  (Session info: chrome=65.0.3325.181)
  (Driver info: chromedriver=2.36.540470 (e522d04694c7ebea4ba8821272dbef4f9b818c91),platform=Windows NT 6.1.7601 SP1 x86) (WARNING: The server did not provide any stacktrace information)
Command duration or timeout: 30.08 seconds
For documentation on this error, please visit: http://seleniumhq.org/exceptions/no_such_element.html
Build info: version: &amp;apos;unknown&amp;apos;, revision: &amp;apos;unknown&amp;apos;, time: &amp;apos;unknown&amp;apos;
System info: host: &amp;apos;PR020574&amp;apos;, ip: &amp;apos;10.104.53.80&amp;apos;, os.name: &amp;apos;Windows 7&amp;apos;, os.arch: &amp;apos;x86&amp;apos;, os.version: &amp;apos;6.1&amp;apos;, java.version: &amp;apos;1.8.0_102&amp;apos;
Driver info: org.openqa.selenium.chrome.ChromeDriver
Capabilities [{applicationCacheEnabled=false, rotatable=false, mobileEmulationEnabled=false, networkConnectionEnabled=false, chrome={chromedriverVersion=2.36.540470 (e522d04694c7ebea4ba8821272dbef4f9b818c91), userDataDir=C:\Users\SVENKA~1\AppData\Local\Temp\scoped_dir8328_5166}, takesHeapSnapshot=true, pageLoadStrategy=normal, databaseEnabled=false, handlesAlerts=true, hasTouchScreen=false, version=65.0.3325.181, platform=XP, browserConnectionEnabled=false, nativeEvents=true, acceptSslCerts=false, acceptInsecureCerts=false, locationContextEnabled=true, webStorageEnabled=true, browserName=chrome, takesScreenshot=true, javascriptEnabled=true, cssSelectorsEnabled=true, setWindowRect=true, unexpectedAlertBehaviour=}]
Session ID: 7551eb8e1765ad7d0688af8838a1d64e
*** Element info: {Using=link text, value=Request a search of closed records}">
      <![CDATA[org.openqa.selenium.NoSuchElementException: no such element: Unable to locate element: {"method":"link text","selector":"Request a search of closed records"}
  (Session info: chrome=65.0.3325.181)
  (Driver info: chromedriver=2.36.540470 (e522d04694c7ebea4ba8821272dbef4f9b818c91),platform=Windows NT 6.1.7601 SP1 x86) (WARNING: The server did not provide any stacktrace information)
Command duration or timeout: 30.08 seconds
For documentation on this error, please visit: http://seleniumhq.org/exceptions/no_such_element.html
Build info: version: 'unknown', revision: 'unknown', time: 'unknown'
System info: host: 'PR020574', ip: '10.104.53.80', os.name: 'Windows 7', os.arch: 'x86', os.version: '6.1', java.version: '1.8.0_102'
Driver info: org.openqa.selenium.chrome.ChromeDriver
Capabilities [{applicationCacheEnabled=false, rotatable=false, mobileEmulationEnabled=false, networkConnectionEnabled=false, chrome={chromedriverVersion=2.36.540470 (e522d04694c7ebea4ba8821272dbef4f9b818c91), userDataDir=C:\Users\SVENKA~1\AppData\Local\Temp\scoped_dir8328_5166}, takesHeapSnapshot=true, pageLoadStrategy=normal, databaseEnabled=false, handlesAlerts=true, hasTouchScreen=false, version=65.0.3325.181, platform=XP, browserConnectionEnabled=false, nativeEvents=true, acceptSslCerts=false, acceptInsecureCerts=false, locationContextEnabled=true, webStorageEnabled=true, browserName=chrome, takesScreenshot=true, javascriptEnabled=true, cssSelectorsEnabled=true, setWindowRect=true, unexpectedAlertBehaviour=}]
Session ID: 7551eb8e1765ad7d0688af8838a1d64e
*** Element info: {Using=link text, value=Request a search of closed records}
	at org.openqa.selenium.remote.ErrorHandler.createThrowable(ErrorHandler.java:215)
	at org.openqa.selenium.remote.ErrorHandler.throwIfResponseFailed(ErrorHandler.java:167)
	at org.openqa.selenium.remote.RemoteWebDriver.execute(RemoteWebDriver.java:671)
	at org.openqa.selenium.remote.RemoteWebDriver.findElement(RemoteWebDriver.java:410)
	at org.openqa.selenium.remote.RemoteWebDriver.findElementByLinkText(RemoteWebDriver.java:461)
	at wrapper.Wrapper_methods.clickbyLinkText(Wrapper_methods.java:183)
	at discovery.Ecommerce.WO416.WO416(WO416.java:24)
... Removed 28 stack frames]]>
    </failure>
  </testcase> <!-- WO416 -->
  <testcase name="PageCheckRequestACopy" time="40.302" classname="discovery.Ecommerce.PageCheckRequestMore1000Characters"/>
</testsuite> <!-- Ecommerce -->
