<?xml version="1.0" encoding="UTF-8"?>
<!-- Generated by org.testng.reporters.JUnitXMLReporter -->
<testsuite hostname="PR020574" ignored="0" name="repository_API" tests="2" failures="0" timestamp="21 May 2018 14:11:08 GMT" time="0.356" errors="0">
  <testcase name="verifyRecords_Details" time="0.12" classname="repository_API.Discovery_API_Repository_Collection"/>
  <testcase name="verifyRecords_Details" time="0.234" classname="repository_API.Discovery_API_Repository_details_Id"/>
</testsuite> <!-- repository_API -->
