<?xml version="1.0" encoding="UTF-8"?>
<!-- Generated by org.testng.reporters.JUnitXMLReporter -->
<testsuite hostname="PR020574" ignored="0" name="Sar" tests="8" failures="1" timestamp="21 May 2018 13:20:27 GMT" time="78.372" errors="0">
  <testcase name="AB7190VisitTheDepartmentWebsite" time="9.343" classname="discovery.Sar.Sar_AB7190VisitTheDepartmentWebsite"/>
  <testcase name="CAB1343025Retention" time="9.414" classname="discovery.Sar.Sar_CAB1343025Retention"/>
  <testcase name="DPP23289FoiRequest" time="9.587" classname="discovery.Sar.Sar_DPP23289FoiRequest"/>
  <testcase name="HO4051079FoiRequest" time="9.457" classname="discovery.Sar.Sar_HO4051079FoiRequest"/>
  <testcase name="HO45237211FoiRequest" time="11.109" classname="discovery.Sar.Sar_HO45237211FoiRequest">
    <failure type="java.lang.AssertionError" message="expected [true] but found [false]">
      <![CDATA[java.lang.AssertionError: expected [true] but found [false]
	at discovery.Sar.Sar_HO45237211FoiRequest.HO45237211FoiRequest(Sar_HO45237211FoiRequest.java:47)
... Removed 28 stack frames]]>
    </failure>
  </testcase> <!-- HO45237211FoiRequest -->
  <testcase name="J24312FoiRequest" time="9.667" classname="discovery.Sar.Sar_J24312FoiRequest"/>
  <testcase name="LEV2226ZFoiRequest" time="10.11" classname="discovery.Sar.Sar_LEV2226ZFoiRequest"/>
  <testcase name="RW33FQZFoiRequest" time="9.679" classname="discovery.Sar.Sar_RW33FQZFoiRequest"/>
</testsuite> <!-- Sar -->
