<?xml version="1.0" encoding="UTF-8"?>
<!-- Generated by org.testng.reporters.JUnitXMLReporter -->
<testsuite hostname="PR020574" ignored="0" name="Sar" tests="8" failures="1" timestamp="05 Jun 2018 11:30:45 GMT" time="110.222" errors="0">
  <testcase name="AB7190VisitTheDepartmentWebsite" time="15.811" classname="discovery.Sar.Sar_AB7190VisitTheDepartmentWebsite"/>
  <testcase name="CAB1343025Retention" time="15.991" classname="discovery.Sar.Sar_CAB1343025Retention"/>
  <testcase name="DPP23289FoiRequest" time="10.715" classname="discovery.Sar.Sar_DPP23289FoiRequest"/>
  <testcase name="HO4051079FoiRequest" time="10.54" classname="discovery.Sar.Sar_HO4051079FoiRequest"/>
  <testcase name="HO45237211FoiRequest" time="10.442" classname="discovery.Sar.Sar_HO45237211FoiRequest">
    <failure type="java.lang.AssertionError" message="expected [true] but found [false]">
      <![CDATA[java.lang.AssertionError: expected [true] but found [false]
	at discovery.Sar.Sar_HO45237211FoiRequest.HO45237211FoiRequest(Sar_HO45237211FoiRequest.java:47)
... Removed 28 stack frames]]>
    </failure>
  </testcase> <!-- HO45237211FoiRequest -->
  <testcase name="J24312FoiRequest" time="17.803" classname="discovery.Sar.Sar_J24312FoiRequest"/>
  <testcase name="LEV2226ZFoiRequest" time="12.375" classname="discovery.Sar.Sar_LEV2226ZFoiRequest"/>
  <testcase name="RW33FQZFoiRequest" time="16.539" classname="discovery.Sar.Sar_RW33FQZFoiRequest"/>
</testsuite> <!-- Sar -->
