<?xml version="1.0" encoding="UTF-8"?>
<!-- Generated by org.testng.reporters.JUnitXMLReporter -->
<testsuite hostname="PR020574" ignored="0" name="SingleSignOnTest" tests="6" failures="0" timestamp="21 May 2018 14:09:21 GMT" time="92.004" errors="0">
  <testcase name="forgotten_Password" time="7.642" classname="discovery.SingleSignOnTest.SS_ForgttenPassword"/>
  <testcase name="clickRegisterwithEmptyFields" time="10.979" classname="discovery.SingleSignOnTest.SS_clickRegisterwithEmptyFields"/>
  <testcase name="NoAcceptTerm" time="11.735" classname="discovery.SingleSignOnTest.SS_NoAcceptTerm"/>
  <testcase name="clickRegisterwithInvalidEmail" time="11.518" classname="discovery.SingleSignOnTest.SS_clickRegisterwithInvalidEmail"/>
  <testcase name="clickRegisterwithInvalidPassword" time="11.584" classname="discovery.SingleSignOnTest.SS_clickRegisterwithInvalidPassword"/>
  <testcase name="CreateAccount_ChangeEmail_ChangePassword_DeleteAccount" time="38.544" classname="discovery.SingleSignOnTest.SS_CreateAccount_ChangeEmail_ChangePassword_DeleteAccount"/>
</testsuite> <!-- SingleSignOnTest -->
