<?xml version="1.0" encoding="UTF-8"?>
<!-- Generated by org.testng.reporters.JUnitXMLReporter -->
<testsuite hostname="PR020574" ignored="0" name="TagOnTest" tests="5" failures="0" timestamp="21 May 2018 14:07:15 GMT" time="117.428" errors="0">
  <testcase name="deleteTag" time="25.437" classname="discovery.TagOnTest.DeleteTag"/>
  <testcase name="tag" time="32.738" classname="discovery.TagOnTest.AddTag"/>
  <testcase name="tag" time="24.407" classname="discovery.TagOnTest.DuplicateAddTag"/>
  <testcase name="removalRequest" time="12.293" classname="discovery.TagOnTest.SelfTagRemovalRequestNoSignIn"/>
  <testcase name="tag" time="22.508" classname="discovery.TagOnTest.StopListTag"/>
</testsuite> <!-- TagOnTest -->
